[0211/114228.796:ERROR:scoped_process_suspend.cc(30)] NtSuspendProcess: 기존 프로세스에 액세스하려고 했습니다.  (0xc000010a)
[0211/114228.811:ERROR:scoped_process_suspend.cc(30)] NtSuspendProcess: 기존 프로세스에 액세스하려고 했습니다.  (0xc000010a)
[0211/114228.862:ERROR:process_info.cc(103)] ReadProcessMemory bool __cdecl crashpad::`anonymous-namespace'::ReadStruct<struct crashpad::process_types::PEB<struct crashpad::process_types::internal::Traits32>>(void *,unsigned __int64,struct crashpad::process_types::PEB<struct crashpad::process_types::internal::Traits32> *): ReadProcessMemory 또는 WriteProcessMemory의 일부 작업만을 마쳤습니다. (0x12B)
[0211/114228.862:ERROR:process_info.cc(542)] ReadProcessData failed
[0211/114228.863:ERROR:process_reader_win.cc(233)] ReadMemory at 0x66387598 of 12 bytes failed: ReadProcessMemory 또는 WriteProcessMemory의 일부 작업만을 마쳤습니다. (0x12B)
[0211/114228.863:WARNING:process_snapshot_win.cc(68)] ReadMemory ExceptionInformation failed
[0211/114228.863:WARNING:crash_report_exception_handler.cc(60)] ProcessSnapshotWin::Initialize failed
[0211/114228.863:ERROR:process_info.cc(103)] ReadProcessMemory bool __cdecl crashpad::`anonymous-namespace'::ReadStruct<struct crashpad::process_types::PEB<struct crashpad::process_types::internal::Traits32>>(void *,unsigned __int64,struct crashpad::process_types::PEB<struct crashpad::process_types::internal::Traits32> *): ReadProcessMemory 또는 WriteProcessMemory의 일부 작업만을 마쳤습니다. (0x12B)
[0211/114228.863:ERROR:process_info.cc(542)] ReadProcessData failed
[0211/114228.863:ERROR:process_reader_win.cc(233)] ReadMemory at 0x66387598 of 12 bytes failed: ReadProcessMemory 또는 WriteProcessMemory의 일부 작업만을 마쳤습니다. (0x12B)
[0211/114228.863:WARNING:process_snapshot_win.cc(68)] ReadMemory ExceptionInformation failed
[0211/114228.863:WARNING:crash_report_exception_handler.cc(60)] ProcessSnapshotWin::Initialize failed
[0221/201401.570:ERROR:scoped_process_suspend.cc(30)] NtSuspendProcess: 기존 프로세스에 액세스하려고 했습니다.  (0xc000010a)
[0221/201401.570:ERROR:process_info.cc(103)] ReadProcessMemory bool __cdecl crashpad::`anonymous-namespace'::ReadStruct<struct crashpad::process_types::PEB<struct crashpad::process_types::internal::Traits32>>(void *,unsigned __int64,struct crashpad::process_types::PEB<struct crashpad::process_types::internal::Traits32> *): ReadProcessMemory 또는 WriteProcessMemory의 일부 작업만을 마쳤습니다. (0x12B)
[0221/201401.570:ERROR:process_info.cc(542)] ReadProcessData failed
[0221/201401.570:ERROR:process_reader_win.cc(233)] ReadMemory at 0x66387598 of 12 bytes failed: ReadProcessMemory 또는 WriteProcessMemory의 일부 작업만을 마쳤습니다. (0x12B)
[0221/201401.570:WARNING:process_snapshot_win.cc(68)] ReadMemory ExceptionInformation failed
[0221/201401.570:WARNING:crash_report_exception_handler.cc(60)] ProcessSnapshotWin::Initialize failed
[0221/201401.708:ERROR:scoped_process_suspend.cc(30)] NtSuspendProcess: 기존 프로세스에 액세스하려고 했습니다.  (0xc000010a)
[0221/201401.708:ERROR:process_info.cc(103)] ReadProcessMemory bool __cdecl crashpad::`anonymous-namespace'::ReadStruct<struct crashpad::process_types::PEB<struct crashpad::process_types::internal::Traits32>>(void *,unsigned __int64,struct crashpad::process_types::PEB<struct crashpad::process_types::internal::Traits32> *): ReadProcessMemory 또는 WriteProcessMemory의 일부 작업만을 마쳤습니다. (0x12B)
[0221/201401.708:ERROR:process_info.cc(542)] ReadProcessData failed
[0221/201401.708:ERROR:process_reader_win.cc(233)] ReadMemory at 0x66387598 of 12 bytes failed: ReadProcessMemory 또는 WriteProcessMemory의 일부 작업만을 마쳤습니다. (0x12B)
[0221/201401.708:WARNING:process_snapshot_win.cc(68)] ReadMemory ExceptionInformation failed
[0221/201401.708:WARNING:crash_report_exception_handler.cc(60)] ProcessSnapshotWin::Initialize failed
[0221/201402.086:ERROR:scoped_process_suspend.cc(30)] NtSuspendProcess: 기존 프로세스에 액세스하려고 했습니다.  (0xc000010a)
[0221/201402.086:ERROR:process_info.cc(103)] ReadProcessMemory bool __cdecl crashpad::`anonymous-namespace'::ReadStruct<struct crashpad::process_types::PEB<struct crashpad::process_types::internal::Traits32>>(void *,unsigned __int64,struct crashpad::process_types::PEB<struct crashpad::process_types::internal::Traits32> *): ReadProcessMemory 또는 WriteProcessMemory의 일부 작업만을 마쳤습니다. (0x12B)
[0221/201402.086:ERROR:process_info.cc(542)] ReadProcessData failed
[0221/201402.086:ERROR:process_reader_win.cc(233)] ReadMemory at 0x66387598 of 12 bytes failed: ReadProcessMemory 또는 WriteProcessMemory의 일부 작업만을 마쳤습니다. (0x12B)
[0221/201402.086:WARNING:process_snapshot_win.cc(68)] ReadMemory ExceptionInformation failed
[0221/201402.086:WARNING:crash_report_exception_handler.cc(60)] ProcessSnapshotWin::Initialize failed
[0301/103325.888:ERROR:exception_snapshot_win.cc(87)] thread ID 11600 not found in process
[0301/103325.910:WARNING:crash_report_exception_handler.cc(60)] ProcessSnapshotWin::Initialize failed
[0301/103326.084:ERROR:exception_snapshot_win.cc(87)] thread ID 6372 not found in process
[0301/103326.084:WARNING:crash_report_exception_handler.cc(60)] ProcessSnapshotWin::Initialize failed
